{
  "RSpec": {
    "coverage": {
      "/Users/jozykinnaman/Desktop/animal_shelter/spec/requests/delete_pets_spec.rb": {
        "lines": [
          1,
          null,
          1,
          null,
          1,
          1,
          1,
          1,
          null,
          null,
          null
        ]
      },
      "/Users/jozykinnaman/Desktop/animal_shelter/spec/rails_helper.rb": {
        "lines": [
          null,
          1,
          1,
          1,
          null,
          1,
          1,
          null,
          null,
          null,
          null,
          null,
          null,
          null,
          null,
          null,
          null,
          null,
          null,
          null,
          null,
          null,
          null,
          null,
          null,
          null,
          null,
          1,
          null,
          0,
          0,
          null,
          1,
          null,
          1,
          null,
          null,
          null,
          null,
          1,
          null,
          null,
          null,
          null,
          null,
          null,
          null,
          null,
          null,
          null,
          null,
          null,
          null,
          null,
          null,
          null,
          null,
          1,
          null,
          null,
          1,
          null,
          null,
          null
        ]
      },
      "/Users/jozykinnaman/Desktop/animal_shelter/config/environment.rb": {
        "lines": [
          null,
          1,
          null,
          null,
          1
        ]
      },
      "/Users/jozykinnaman/Desktop/animal_shelter/config/application.rb": {
        "lines": [
          1,
          null,
          1,
          null,
          1,
          1,
          1,
          1,
          1,
          1,
          1,
          1,
          null,
          null,
          null,
          null,
          null,
          1,
          null,
          1,
          1,
          null,
          1,
          null,
          null,
          null,
          null,
          null,
          null,
          null,
          null,
          null,
          1,
          null,
          null
        ]
      },
      "/Users/jozykinnaman/Desktop/animal_shelter/config/boot.rb": {
        "lines": [
          1,
          null,
          1,
          1
        ]
      },
      "/Users/jozykinnaman/Desktop/animal_shelter/config/environments/test.rb": {
        "lines": [
          1,
          null,
          null,
          null,
          null,
          null,
          null,
          1,
          null,
          null,
          null,
          null,
          1,
          null,
          null,
          1,
          1,
          null,
          null,
          null,
          null,
          1,
          1,
          null,
          null,
          1,
          null,
          null,
          1,
          null,
          null,
          1,
          null,
          1,
          null,
          null,
          null,
          null,
          1,
          null,
          null,
          1,
          null,
          null,
          null,
          null
        ]
      },
      "/Users/jozykinnaman/Desktop/animal_shelter/config/initializers/application_controller_renderer.rb": {
        "lines": [
          null,
          null,
          null,
          null,
          null,
          null,
          null,
          null
        ]
      },
      "/Users/jozykinnaman/Desktop/animal_shelter/config/initializers/backtrace_silencers.rb": {
        "lines": [
          null,
          null,
          null,
          null,
          null,
          null,
          null
        ]
      },
      "/Users/jozykinnaman/Desktop/animal_shelter/config/initializers/cors.rb": {
        "lines": [
          null,
          null,
          null,
          null,
          null,
          null,
          null,
          null,
          null,
          null,
          null,
          null,
          null,
          null,
          null,
          null
        ]
      },
      "/Users/jozykinnaman/Desktop/animal_shelter/config/initializers/filter_parameter_logging.rb": {
        "lines": [
          null,
          null,
          null,
          1
        ]
      },
      "/Users/jozykinnaman/Desktop/animal_shelter/config/initializers/inflections.rb": {
        "lines": [
          null,
          null,
          null,
          null,
          null,
          null,
          null,
          null,
          null,
          null,
          null,
          null,
          null,
          null,
          null,
          null
        ]
      },
      "/Users/jozykinnaman/Desktop/animal_shelter/config/initializers/mime_types.rb": {
        "lines": [
          null,
          null,
          null,
          null
        ]
      },
      "/Users/jozykinnaman/Desktop/animal_shelter/config/initializers/rack_attack.rb": {
        "lines": [
          1,
          1,
          1,
          13,
          null,
          null
        ]
      },
      "/Users/jozykinnaman/Desktop/animal_shelter/config/initializers/wrap_parameters.rb": {
        "lines": [
          null,
          null,
          null,
          null,
          null,
          null,
          1,
          2,
          null,
          null,
          null,
          null,
          null,
          null
        ]
      },
      "/Users/jozykinnaman/Desktop/animal_shelter/app/channels/application_cable/channel.rb": {
        "lines": [
          1,
          1,
          null,
          null
        ]
      },
      "/Users/jozykinnaman/Desktop/animal_shelter/app/channels/application_cable/connection.rb": {
        "lines": [
          1,
          1,
          null,
          null
        ]
      },
      "/Users/jozykinnaman/Desktop/animal_shelter/app/controllers/application_controller.rb": {
        "lines": [
          1,
          1,
          1,
          1,
          null,
          1,
          1,
          null,
          null
        ]
      },
      "/Users/jozykinnaman/Desktop/animal_shelter/app/controllers/concerns/response.rb": {
        "lines": [
          1,
          1,
          11,
          null,
          null
        ]
      },
      "/Users/jozykinnaman/Desktop/animal_shelter/app/controllers/pets_controller.rb": {
        "lines": [
          1,
          1,
          2,
          0,
          2,
          0,
          0,
          null,
          2,
          null,
          2,
          null,
          null,
          1,
          1,
          0,
          null,
          null,
          1,
          8,
          7,
          null,
          null,
          1,
          1,
          1,
          1,
          null,
          null,
          null,
          null,
          null,
          1,
          1,
          1,
          1,
          null,
          null,
          null,
          null,
          null,
          1,
          0,
          0,
          null,
          null,
          1,
          null,
          1,
          9,
          null,
          null
        ]
      },
      "/Users/jozykinnaman/Desktop/animal_shelter/app/jobs/application_job.rb": {
        "lines": [
          1,
          null
        ]
      },
      "/Users/jozykinnaman/Desktop/animal_shelter/app/mailers/application_mailer.rb": {
        "lines": [
          1,
          1,
          1,
          null
        ]
      },
      "/Users/jozykinnaman/Desktop/animal_shelter/app/models/application_record.rb": {
        "lines": [
          1,
          1,
          null
        ]
      },
      "/Users/jozykinnaman/Desktop/animal_shelter/app/models/pet.rb": {
        "lines": [
          1,
          1,
          1,
          1,
          1,
          1,
          1,
          1,
          null
        ]
      },
      "/Users/jozykinnaman/Desktop/animal_shelter/spec/factories.rb": {
        "lines": [
          1,
          1,
          41,
          41,
          41,
          41,
          41,
          41,
          null,
          null
        ]
      },
      "/Users/jozykinnaman/Desktop/animal_shelter/config/routes.rb": {
        "lines": [
          1,
          1,
          1,
          1,
          1,
          null,
          null,
          null
        ]
      },
      "/Users/jozykinnaman/Desktop/animal_shelter/spec/requests/exceptions_spec.rb": {
        "lines": [
          1,
          null,
          1,
          null,
          1,
          1,
          null,
          1,
          1,
          null,
          null,
          null,
          1,
          2,
          1,
          1,
          null,
          null
        ]
      },
      "/Users/jozykinnaman/Desktop/animal_shelter/spec/requests/get_pets_spec.rb": {
        "lines": [
          1,
          null,
          1,
          3,
          null,
          3,
          null,
          1,
          1,
          null,
          null,
          1,
          1,
          null,
          null
        ]
      },
      "/Users/jozykinnaman/Desktop/animal_shelter/spec/requests/patch_pets_spec.rb": {
        "lines": [
          1,
          null,
          1,
          1,
          1,
          1,
          null,
          null,
          null
        ]
      },
      "/Users/jozykinnaman/Desktop/animal_shelter/spec/requests/post_route_spec.rb": {
        "lines": [
          1,
          null,
          1,
          null,
          1,
          7,
          null,
          null,
          1,
          1,
          null,
          null,
          1,
          1,
          null,
          null,
          1,
          1,
          null,
          null,
          1,
          1,
          null,
          null,
          1,
          1,
          null,
          null,
          1,
          1,
          null,
          null,
          1,
          1,
          null,
          null
        ]
      }
    },
    "timestamp": 1592755546
  }
}
